<?xml version="1.0" encoding="UTF-8"?>
<testng-results ignored="0" total="1" passed="1" failed="0" skipped="0">
  <reporter-output>
  </reporter-output>
  <suite started-at="2024-07-13T20:34:44 IST" name="Default suite" finished-at="2024-07-13T20:34:53 IST" duration-ms="9105">
    <groups>
    </groups>
    <test started-at="2024-07-13T20:34:44 IST" name="Default test" finished-at="2024-07-13T20:34:53 IST" duration-ms="9105">
      <class name="chethan1.Demo3">
        <test-method signature="f()[pri:0, instance:chethan1.Demo3@120f102b]" started-at="2024-07-13T20:34:44 IST" name="f" finished-at="2024-07-13T20:34:53 IST" duration-ms="9049" status="PASS">
          <reporter-output>
          </reporter-output>
        </test-method> <!-- f -->
      </class> <!-- chethan1.Demo3 -->
    </test> <!-- Default test -->
  </suite> <!-- Default suite -->
</testng-results>
